\BOOKMARK [0][-]{chapter.1}{\376\377\000T\000a\000b\000l\000e\000\040\000o\000f\000\040\000c\000o\000n\000t\000e\000n\000t\000s}{}% 1
\BOOKMARK [0][-]{chapter.2}{\376\377\000I\000n\000t\000r\000o\000d\000u\000c\000t\000i\000o\000n}{}% 2
\BOOKMARK [1][-]{section.2.1}{\376\377\000O\000b\000j\000e\000c\000t\000i\000v\000e}{chapter.2}% 3
\BOOKMARK [1][-]{section.2.2}{\376\377\000S\000c\000o\000p\000e}{chapter.2}% 4
\BOOKMARK [1][-]{section.2.3}{\376\377\000G\000l\000o\000s\000s\000a\000r\000y}{chapter.2}% 5
\BOOKMARK [1][-]{section.2.4}{\376\377\000R\000e\000f\000e\000r\000e\000n\000c\000e\000s}{chapter.2}% 6
\BOOKMARK [0][-]{chapter.3}{\376\377\000O\000v\000e\000r\000a\000l\000l\000\040\000r\000e\000q\000u\000i\000r\000e\000m\000e\000n\000t\000s}{}% 7
\BOOKMARK [1][-]{section.3.1}{\376\377\000A\000c\000t\000o\000r\000s}{chapter.3}% 8
\BOOKMARK [1][-]{section.3.2}{\376\377\000G\000e\000n\000e\000r\000a\000l\000\040\000u\000s\000e\000\040\000c\000a\000s\000e\000\040\000d\000i\000a\000g\000r\000a\000m}{chapter.3}% 9
\BOOKMARK [1][-]{section.3.3}{\376\377\000B\000u\000s\000i\000n\000e\000s\000s\000\040\000p\000r\000o\000c\000e\000s\000s\000e\000s\000\040\000\040\000\040\000\040\000\040\000\040\000\040\000\040\000\040}{chapter.3}% 10
\BOOKMARK [0][-]{chapter.4}{\376\377\000D\000e\000t\000a\000i\000l\000\040\000r\000e\000q\000u\000i\000r\000e\000m\000e\000n\000t\000s}{}% 11
\BOOKMARK [1][-]{section.4.1}{\376\377\000S\000p\000e\000c\000i\000f\000i\000c\000a\000t\000i\000o\000n\000\040\000o\000f\000\040\000U\000s\000e\000\040\000c\000a\000s\000e\000\040\000U\000C\0000\0000\0001\000\040\000-\000\040\040\034\000P\000l\000a\000c\000e\000\040\000O\000r\000d\000e\000r\040\035}{chapter.4}% 12
\BOOKMARK [1][-]{section.4.2}{\376\377\000S\000p\000e\000c\000i\000f\000i\000c\000a\000t\000i\000o\000n\000\040\000o\000f\000\040\000U\000s\000e\000\040\000c\000a\000s\000e\000\040\000U\000C\0000\0000\0002\000\040\000-\000\040\040\034\000P\000a\000y\000\040\000o\000r\000d\000e\000r\040\035}{chapter.4}% 13
\BOOKMARK [1][-]{section.4.3}{\376\377\000S\000p\000e\000c\000i\000f\000i\000c\000a\000t\000i\000o\000n\000\040\000o\000f\000\040\000U\000s\000e\000\040\000c\000a\000s\000e\000\040\000U\000C\0000\0000\0003\000\040\000-\000\040\040\034\000P\000l\000a\000c\000e\000\040\000r\000u\000s\000h\000\040\000o\000r\000d\000e\000r\040\035}{chapter.4}% 14
\BOOKMARK [0][-]{chapter.5}{\376\377\000S\000u\000p\000p\000l\000e\000m\000e\000n\000t\000a\000r\000y\000\040\000s\000p\000e\000c\000i\000f\000i\000c\000a\000t\000i\000o\000n}{}% 15
\BOOKMARK [1][-]{section.5.1}{\376\377\000F\000u\000n\000c\000t\000i\000o\000n\000a\000l\000i\000t\000y}{chapter.5}% 16
\BOOKMARK [1][-]{section.5.2}{\376\377\000U\000s\000a\000b\000i\000l\000i\000t\000y}{chapter.5}% 17
\BOOKMARK [1][-]{section.5.3}{\376\377\000R\000e\000l\000i\000a\000b\000i\000l\000i\000t\000y}{chapter.5}% 18
\BOOKMARK [1][-]{section.5.4}{\376\377\000P\000e\000r\000f\000o\000r\000m\000a\000n\000c\000e}{chapter.5}% 19
\BOOKMARK [1][-]{section.5.5}{\376\377\000M\000a\000i\000n\000t\000a\000i\000n\000a\000b\000i\000l\000i\000t\000y}{chapter.5}% 20
\BOOKMARK [1][-]{section.5.6}{\376\377\000D\000e\000s\000i\000g\000n\000\040\000C\000o\000n\000s\000t\000r\000a\000i\000n\000t\000s}{chapter.5}% 21
